<?xml version="1.0" encoding="UTF-8"?>
<!-- Generated by org.testng.reporters.JUnitXMLReporter -->
<testsuite ignored="6" hostname="DESKTOP-MP6QUH3" failures="0" tests="16" name="Test" time="93.696" errors="0" timestamp="2025-09-07T23:28:29 IST">
  <testcase classname="saucedemo.testclasses.LoginPageTest" name="invalidLoginTest" time="0.478"/>
  <testcase classname="saucedemo.testclasses.LoginPageTest" name="lockedOutUserTest" time="0.357"/>
  <testcase classname="saucedemo.testclasses.LoginPageTest" name="validLoginTest" time="0.395"/>
  <testcase classname="saucedemo.testclasses.ProductPageTest" name="productDisplayed" time="0.126"/>
  <testcase classname="saucedemo.testclasses.ProductPageTest" name="addProductToCart" time="0.503"/>
  <testcase classname="saucedemo.testclasses.ProductPageTest" name="removeProductFromCart" time="20.425"/>
  <testcase classname="saucedemo.testclasses.ProductPageTest" name="addProductAfterRemovingAll" time="20.187"/>
  <testcase classname="saucedemo.testclasses.ProductPageTest" name="addSecondProductToCart" time="20.309"/>
  <testcase classname="saucedemo.testclasses.ProductPageTest" name="goToCartTest" time="0.369"/>
  <testcase classname="saucedemo.testclasses.CartPageTest" name="isCartPage" time="0.007"/>
  <testcase classname="saucedemo.testclasses.CartPageTest" name="removeProductFromCart" time="20.399"/>
  <testcase classname="saucedemo.testclasses.CartPageTest" name="clickCheckOut" time="0.149"/>
  <testcase classname="saucedemo.testclasses.CheckOutPageTest" name="verifyCheckoutPageHeading" time="0.027"/>
  <testcase classname="saucedemo.testclasses.CheckOutPageTest" name="fillCheckoutInformation" time="6.387"/>
  <testcase classname="saucedemo.testclasses.CheckOutPageTest" name="clickContinueAndVerifyNavigation" time="0.096"/>
  <testcase classname="saucedemo.testclasses.CheckOutPageTest" name="completeCheckoutProcess" time="2.137"/>
  <testcase classname="saucedemo.testclasses.BaseTest" name="@BeforeSuite setup" time="0.0">
    <ignored/>
  </testcase> <!-- @BeforeSuite setup -->
  <testcase classname="saucedemo.testclasses.BaseTest" name="@BeforeSuite setup" time="0.0">
    <ignored/>
  </testcase> <!-- @BeforeSuite setup -->
  <testcase classname="saucedemo.testclasses.BaseTest" name="@AfterSuite teardown" time="0.0">
    <ignored/>
  </testcase> <!-- @AfterSuite teardown -->
  <testcase classname="saucedemo.testclasses.BaseTest" name="@BeforeSuite setup" time="0.0">
    <ignored/>
  </testcase> <!-- @BeforeSuite setup -->
  <testcase classname="saucedemo.testclasses.BaseTest" name="@AfterSuite teardown" time="0.0">
    <ignored/>
  </testcase> <!-- @AfterSuite teardown -->
  <testcase classname="saucedemo.testclasses.BaseTest" name="@AfterSuite teardown" time="0.0">
    <ignored/>
  </testcase> <!-- @AfterSuite teardown -->
</testsuite> <!-- Test -->
